2025-11-15T17:23:17.540-03:00  INFO 20412 --- [events-gateway] [main] c.e.e.EventsGatewayApplication           : Starting EventsGatewayApplication using Java 21.0.3 with PID 20412 (C:\Lucca\Aulas\Semestre 6\Arquitetura de Software\eventos\events-gateway\build\classes\java\main started by lucca in C:\Lucca\Aulas\Semestre 6\Arquitetura de Software\eventos\events-gateway)
2025-11-15T17:23:17.548-03:00  INFO 20412 --- [events-gateway] [main] c.e.e.EventsGatewayApplication           : No active profile set, falling back to 1 default profile: "default"
2025-11-15T17:23:21.752-03:00  WARN 20412 --- [events-gateway] [main] onfigReactiveWebServerApplicationContext : Exception encountered during context initialization - cancelling refresh attempt: org.springframework.context.ApplicationContextException: Failed to start bean 'webServerStartStop'
2025-11-15T17:23:21.761-03:00  INFO 20412 --- [events-gateway] [main] .s.b.a.l.ConditionEvaluationReportLogger : 

Error starting ApplicationContext. To display the condition evaluation report re-run your application with 'debug' enabled.
2025-11-15T17:23:21.785-03:00 ERROR 20412 --- [events-gateway] [main] o.s.b.d.LoggingFailureAnalysisReporter   : 

***************************
APPLICATION FAILED TO START
***************************

Description:

Web server failed to start. Port 8080 was already in use.

Action:

Identify and stop the process that's listening on port 8080 or configure this application to listen on another port.

2025-11-15T17:30:43.723-03:00  INFO 17152 --- [events-gateway] [main] c.e.e.EventsGatewayApplication           : Starting EventsGatewayApplication using Java 21.0.3 with PID 17152 (C:\Lucca\Aulas\Semestre 6\Arquitetura de Software\eventos\events-gateway\build\classes\java\main started by lucca in C:\Lucca\Aulas\Semestre 6\Arquitetura de Software\eventos\events-gateway)
2025-11-15T17:30:43.726-03:00  INFO 17152 --- [events-gateway] [main] c.e.e.EventsGatewayApplication           : No active profile set, falling back to 1 default profile: "default"
2025-11-15T17:30:45.404-03:00  INFO 17152 --- [events-gateway] [main] o.s.b.web.embedded.netty.NettyWebServer  : Netty started on port 8080 (http)
2025-11-15T17:30:45.412-03:00  INFO 17152 --- [events-gateway] [main] c.e.e.EventsGatewayApplication           : Started EventsGatewayApplication in 2.244 seconds (process running for 3.221)
2025-11-15T17:31:37.451-03:00  INFO 17152 --- [events-gateway] [reactor-http-nio-2] c.e.eventsgateway.filter.LoggingFilter   : Request: OPTIONS http://localhost:8080/auth/login
2025-11-15T17:31:37.457-03:00  INFO 17152 --- [events-gateway] [reactor-http-nio-2] c.e.eventsgateway.filter.LoggingFilter   : Host: [localhost:8080]
2025-11-15T17:31:37.457-03:00  INFO 17152 --- [events-gateway] [reactor-http-nio-2] c.e.eventsgateway.filter.LoggingFilter   : User-Agent: [Mozilla/5.0 (Windows NT 10.0; Win64; x64; rv:145.0) Gecko/20100101 Firefox/145.0]
2025-11-15T17:31:37.457-03:00  INFO 17152 --- [events-gateway] [reactor-http-nio-2] c.e.eventsgateway.filter.LoggingFilter   : Accept: [*/*]
2025-11-15T17:31:37.457-03:00  INFO 17152 --- [events-gateway] [reactor-http-nio-2] c.e.eventsgateway.filter.LoggingFilter   : Accept-Language: [pt-BR,pt;q=0.8,en-US;q=0.5,en;q=0.3]
2025-11-15T17:31:37.457-03:00  INFO 17152 --- [events-gateway] [reactor-http-nio-2] c.e.eventsgateway.filter.LoggingFilter   : Accept-Encoding: [gzip, deflate, br, zstd]
2025-11-15T17:31:37.457-03:00  INFO 17152 --- [events-gateway] [reactor-http-nio-2] c.e.eventsgateway.filter.LoggingFilter   : Access-Control-Request-Method: [POST]
2025-11-15T17:31:37.462-03:00  INFO 17152 --- [events-gateway] [reactor-http-nio-2] c.e.eventsgateway.filter.LoggingFilter   : Access-Control-Request-Headers: [content-type]
2025-11-15T17:31:37.462-03:00  INFO 17152 --- [events-gateway] [reactor-http-nio-2] c.e.eventsgateway.filter.LoggingFilter   : Referer: [http://localhost:3002/]
2025-11-15T17:31:37.462-03:00  INFO 17152 --- [events-gateway] [reactor-http-nio-2] c.e.eventsgateway.filter.LoggingFilter   : Origin: [http://localhost:3002]
2025-11-15T17:31:37.462-03:00  INFO 17152 --- [events-gateway] [reactor-http-nio-2] c.e.eventsgateway.filter.LoggingFilter   : Connection: [keep-alive]
2025-11-15T17:31:37.462-03:00  INFO 17152 --- [events-gateway] [reactor-http-nio-2] c.e.eventsgateway.filter.LoggingFilter   : Sec-Fetch-Dest: [empty]
2025-11-15T17:31:37.463-03:00  INFO 17152 --- [events-gateway] [reactor-http-nio-2] c.e.eventsgateway.filter.LoggingFilter   : Sec-Fetch-Mode: [cors]
2025-11-15T17:31:37.463-03:00  INFO 17152 --- [events-gateway] [reactor-http-nio-2] c.e.eventsgateway.filter.LoggingFilter   : Sec-Fetch-Site: [same-site]
2025-11-15T17:31:37.463-03:00  INFO 17152 --- [events-gateway] [reactor-http-nio-2] c.e.eventsgateway.filter.LoggingFilter   : Priority: [u=4]
2025-11-15T17:31:37.513-03:00  INFO 17152 --- [events-gateway] [reactor-http-nio-2] c.e.eventsgateway.filter.LoggingFilter   : Response Status Code: 200 OK
2025-11-15T17:31:37.534-03:00  INFO 17152 --- [events-gateway] [reactor-http-nio-3] c.e.eventsgateway.filter.LoggingFilter   : Request: POST http://localhost:8080/auth/login
2025-11-15T17:31:37.535-03:00  INFO 17152 --- [events-gateway] [reactor-http-nio-3] c.e.eventsgateway.filter.LoggingFilter   : Host: [localhost:8080]
2025-11-15T17:31:37.535-03:00  INFO 17152 --- [events-gateway] [reactor-http-nio-3] c.e.eventsgateway.filter.LoggingFilter   : User-Agent: [Mozilla/5.0 (Windows NT 10.0; Win64; x64; rv:145.0) Gecko/20100101 Firefox/145.0]
2025-11-15T17:31:37.535-03:00  INFO 17152 --- [events-gateway] [reactor-http-nio-3] c.e.eventsgateway.filter.LoggingFilter   : Accept: [*/*]
2025-11-15T17:31:37.535-03:00  INFO 17152 --- [events-gateway] [reactor-http-nio-3] c.e.eventsgateway.filter.LoggingFilter   : Accept-Language: [pt-BR,pt;q=0.8,en-US;q=0.5,en;q=0.3]
2025-11-15T17:31:37.535-03:00  INFO 17152 --- [events-gateway] [reactor-http-nio-3] c.e.eventsgateway.filter.LoggingFilter   : Accept-Encoding: [gzip, deflate, br, zstd]
2025-11-15T17:31:37.536-03:00  INFO 17152 --- [events-gateway] [reactor-http-nio-3] c.e.eventsgateway.filter.LoggingFilter   : Referer: [http://localhost:3002/]
2025-11-15T17:31:37.536-03:00  INFO 17152 --- [events-gateway] [reactor-http-nio-3] c.e.eventsgateway.filter.LoggingFilter   : Content-Type: [application/json]
2025-11-15T17:31:37.536-03:00  INFO 17152 --- [events-gateway] [reactor-http-nio-3] c.e.eventsgateway.filter.LoggingFilter   : Content-Length: [35]
2025-11-15T17:31:37.537-03:00  INFO 17152 --- [events-gateway] [reactor-http-nio-3] c.e.eventsgateway.filter.LoggingFilter   : Origin: [http://localhost:3002]
2025-11-15T17:31:37.537-03:00  INFO 17152 --- [events-gateway] [reactor-http-nio-3] c.e.eventsgateway.filter.LoggingFilter   : Connection: [keep-alive]
2025-11-15T17:31:37.538-03:00  INFO 17152 --- [events-gateway] [reactor-http-nio-3] c.e.eventsgateway.filter.LoggingFilter   : Cookie: [ajs_anonymous_id=b7fec74e-8c94-4957-bb8c-9993e2fdbce5; rl_session=RudderEncrypt%3AU2FsdGVkX1%2FVH9k3kK1Lk9%2BAjn3B2Jo8SV40CTJgGd4Az6rHWTGLuMe86lHBhXaJcuEQcDh9WlXO%2FQjP4s%2F%2BqRdn8TV9MdTMwuFAXhQm%2Bq6CFbco3Frmb%2Fwot1z8vuT16dn7buAUlxBHH%2Fn2sQFnXA%3D%3D; rl_anonymous_id=RudderEncrypt%3AU2FsdGVkX19IQCddpYCK2JsC7zQ6MfrKJBotaslzD8fBQNqBX16JPhasHMiDWgL%2FLzBZV2ojfUV7HIb8W7qDvA%3D%3D; rl_page_init_referrer=RudderEncrypt%3AU2FsdGVkX18u31lMMmvZuLOnDVKB7%2FvMm9S%2Fu%2BkESKs%3D; rl_page_init_referring_domain=RudderEncrypt%3AU2FsdGVkX1%2B%2B7C66uWQV10pNTpM9NMOfWhCm0oPv%2FMg%3D; rl_user_id=RudderEncrypt%3AU2FsdGVkX186KGfbnQNpJHt3v0GeWh7jE77cYeRw2L%2FKeN8TV%2B8b7W4%2F%2FYtJwunKNaYxnJ6IKZkHB3Qf8Nm4RC3Qj4rHz%2BowXIwxq57G2td%2Ba5bp1tz%2F8MMeVW%2BTjl6pcVknyXuBwpbFUXZ%2FD2XF%2FwHeBiCKMgEp4GaUlxalX%2Bk%3D; rl_trait=RudderEncrypt%3AU2FsdGVkX1%2FCb0WQlnkgy9jT13tSofByz39PyPBpDUnhTZzeh%2FIwfS6fMTH5sVqZXEh1GdvY8g62WbkpsbLkaBMSBq%2BBwsLLB4opz1t6%2BTjDzkig%2Fsz6hhGcdb5koSCkjKUNigRvdWtXjtNDsIPI7pPIZ9CUlWC6S9Oa21Pc%2Bks%3D; ph_phc_4URIAm1uYfJO7j8kWSe0J8lc8IqnstRLS7Jx8NcakHo_posthog=%7B%22distinct_id%22%3A%220c998b617fa3fb7e84bd5f5de59641549befc316541bbb877192622b775ca5ad%2373c3830a-c616-4fc4-ab1a-3e299a3d7e89%22%2C%22%24sesid%22%3A%5Bnull%2C%22019a69b1-aab1-7233-92a7-20e9ab88bdca%22%2C1762709842609%5D%2C%22%24epp%22%3Atrue%2C%22%24initial_person_info%22%3A%7B%22r%22%3A%22%24direct%22%2C%22u%22%3A%22http%3A%2F%2Flocalhost%3A5678%2Fsetup%22%7D%7D]
2025-11-15T17:31:37.538-03:00  INFO 17152 --- [events-gateway] [reactor-http-nio-3] c.e.eventsgateway.filter.LoggingFilter   : Sec-Fetch-Dest: [empty]
2025-11-15T17:31:37.539-03:00  INFO 17152 --- [events-gateway] [reactor-http-nio-3] c.e.eventsgateway.filter.LoggingFilter   : Sec-Fetch-Mode: [cors]
2025-11-15T17:31:37.539-03:00  INFO 17152 --- [events-gateway] [reactor-http-nio-3] c.e.eventsgateway.filter.LoggingFilter   : Sec-Fetch-Site: [same-site]
2025-11-15T17:31:37.540-03:00  INFO 17152 --- [events-gateway] [reactor-http-nio-3] c.e.eventsgateway.filter.LoggingFilter   : Priority: [u=0]
2025-11-15T17:31:43.079-03:00 ERROR 17152 --- [events-gateway] [reactor-http-nio-3] a.w.r.e.AbstractErrorWebExceptionHandler : [6931b6ef-2]  500 Server Error for HTTP POST "/auth/login"

org.springframework.web.reactive.function.client.WebClientRequestException: Failed to resolve 'events-user-service' [A(1), AAAA(28)] after 4 queries 
	at org.springframework.web.reactive.function.client.ExchangeFunctions$DefaultExchangeFunction.lambda$wrapException$9(ExchangeFunctions.java:137) ~[spring-webflux-6.2.12.jar:6.2.12]
	Suppressed: reactor.core.publisher.FluxOnAssembly$OnAssemblyException: 
Error has been observed at the following site(s):
	*__checkpoint ⇢ Request to POST http://events-user-service:8081/auth/login [DefaultWebClient]
	*__checkpoint ⇢ Handler com.eventos.eventsgateway.controller.ProxyController#proxy(ServerHttpRequest, Mono) [DispatcherHandler]
	*__checkpoint ⇢ com.eventos.eventsgateway.filter.LoggingFilter [DefaultWebFilterChain]
	*__checkpoint ⇢ HTTP POST "/auth/login" [ExceptionHandlingWebHandler]
Original Stack Trace:
		at org.springframework.web.reactive.function.client.ExchangeFunctions$DefaultExchangeFunction.lambda$wrapException$9(ExchangeFunctions.java:137) ~[spring-webflux-6.2.12.jar:6.2.12]
		at reactor.core.publisher.MonoErrorSupplied.subscribe(MonoErrorSupplied.java:55) ~[reactor-core-3.7.12.jar:3.7.12]
		at reactor.core.publisher.Mono.subscribe(Mono.java:4576) ~[reactor-core-3.7.12.jar:3.7.12]
		at reactor.core.publisher.FluxOnErrorResume$ResumeSubscriber.onError(FluxOnErrorResume.java:103) ~[reactor-core-3.7.12.jar:3.7.12]
		at reactor.core.publisher.FluxPeek$PeekSubscriber.onError(FluxPeek.java:222) ~[reactor-core-3.7.12.jar:3.7.12]
		at reactor.core.publisher.FluxPeek$PeekSubscriber.onError(FluxPeek.java:222) ~[reactor-core-3.7.12.jar:3.7.12]
		at reactor.core.publisher.FluxPeek$PeekSubscriber.onError(FluxPeek.java:222) ~[reactor-core-3.7.12.jar:3.7.12]
		at reactor.core.publisher.MonoNext$NextSubscriber.onError(MonoNext.java:93) ~[reactor-core-3.7.12.jar:3.7.12]
		at reactor.core.publisher.MonoFlatMapMany$FlatMapManyMain.onError(MonoFlatMapMany.java:205) ~[reactor-core-3.7.12.jar:3.7.12]
		at reactor.core.publisher.SerializedSubscriber.onError(SerializedSubscriber.java:124) ~[reactor-core-3.7.12.jar:3.7.12]
		at reactor.core.publisher.FluxRetryWhen$RetryWhenMainSubscriber.whenError(FluxRetryWhen.java:229) ~[reactor-core-3.7.12.jar:3.7.12]
		at reactor.core.publisher.FluxRetryWhen$RetryWhenOtherSubscriber.onError(FluxRetryWhen.java:279) ~[reactor-core-3.7.12.jar:3.7.12]
		at reactor.core.publisher.FluxContextWrite$ContextWriteSubscriber.onError(FluxContextWrite.java:121) ~[reactor-core-3.7.12.jar:3.7.12]
		at reactor.core.publisher.FluxConcatMapNoPrefetch$FluxConcatMapNoPrefetchSubscriber.maybeOnError(FluxConcatMapNoPrefetch.java:327) ~[reactor-core-3.7.12.jar:3.7.12]
		at reactor.core.publisher.FluxConcatMapNoPrefetch$FluxConcatMapNoPrefetchSubscriber.onNext(FluxConcatMapNoPrefetch.java:212) ~[reactor-core-3.7.12.jar:3.7.12]
		at reactor.core.publisher.FluxContextWrite$ContextWriteSubscriber.onNext(FluxContextWrite.java:107) ~[reactor-core-3.7.12.jar:3.7.12]
		at reactor.core.publisher.SinkManyEmitterProcessor.drain(SinkManyEmitterProcessor.java:476) ~[reactor-core-3.7.12.jar:3.7.12]
		at reactor.core.publisher.SinkManyEmitterProcessor$EmitterInner.drainParent(SinkManyEmitterProcessor.java:620) ~[reactor-core-3.7.12.jar:3.7.12]
		at reactor.core.publisher.FluxPublish$PubSubInner.request(FluxPublish.java:874) ~[reactor-core-3.7.12.jar:3.7.12]
		at reactor.core.publisher.FluxContextWrite$ContextWriteSubscriber.request(FluxContextWrite.java:136) ~[reactor-core-3.7.12.jar:3.7.12]
		at reactor.core.publisher.FluxConcatMapNoPrefetch$FluxConcatMapNoPrefetchSubscriber.request(FluxConcatMapNoPrefetch.java:337) ~[reactor-core-3.7.12.jar:3.7.12]
		at reactor.core.publisher.FluxContextWrite$ContextWriteSubscriber.request(FluxContextWrite.java:136) ~[reactor-core-3.7.12.jar:3.7.12]
		at reactor.core.publisher.Operators$DeferredSubscription.request(Operators.java:1742) ~[reactor-core-3.7.12.jar:3.7.12]
		at reactor.core.publisher.FluxRetryWhen$RetryWhenMainSubscriber.onError(FluxRetryWhen.java:196) ~[reactor-core-3.7.12.jar:3.7.12]
		at reactor.core.publisher.MonoCreate$DefaultMonoSink.error(MonoCreate.java:205) ~[reactor-core-3.7.12.jar:3.7.12]
		at reactor.netty.http.client.HttpClientConnect$MonoHttpConnect$ClientTransportSubscriber.onError(HttpClientConnect.java:333) ~[reactor-netty-http-1.2.11.jar:1.2.11]
		at reactor.core.publisher.MonoCreate$DefaultMonoSink.error(MonoCreate.java:205) ~[reactor-core-3.7.12.jar:3.7.12]
		at reactor.netty.resources.DefaultPooledConnectionProvider$DisposableAcquire.onError(DefaultPooledConnectionProvider.java:174) ~[reactor-netty-core-1.2.11.jar:1.2.11]
		at reactor.core.publisher.FluxContextWrite$ContextWriteSubscriber.onError(FluxContextWrite.java:121) ~[reactor-core-3.7.12.jar:3.7.12]
		at reactor.netty.internal.shaded.reactor.pool.AbstractPool$Borrower.fail(AbstractPool.java:479) ~[reactor-netty-core-1.2.11.jar:1.2.11]
		at reactor.netty.internal.shaded.reactor.pool.SimpleDequePool.lambda$drainLoop$9(SimpleDequePool.java:443) ~[reactor-netty-core-1.2.11.jar:1.2.11]
		at reactor.core.publisher.FluxDoOnEach$DoOnEachSubscriber.onError(FluxDoOnEach.java:186) ~[reactor-core-3.7.12.jar:3.7.12]
		at reactor.core.publisher.MonoCreate$DefaultMonoSink.error(MonoCreate.java:205) ~[reactor-core-3.7.12.jar:3.7.12]
		at reactor.netty.resources.DefaultPooledConnectionProvider$PooledConnectionAllocator$PooledConnectionInitializer.onError(DefaultPooledConnectionProvider.java:593) ~[reactor-netty-core-1.2.11.jar:1.2.11]
		at reactor.core.publisher.MonoFlatMap$FlatMapMain.secondError(MonoFlatMap.java:241) ~[reactor-core-3.7.12.jar:3.7.12]
		at reactor.core.publisher.MonoFlatMap$FlatMapInner.onError(MonoFlatMap.java:315) ~[reactor-core-3.7.12.jar:3.7.12]
		at reactor.core.publisher.FluxOnErrorResume$ResumeSubscriber.onError(FluxOnErrorResume.java:106) ~[reactor-core-3.7.12.jar:3.7.12]
		at reactor.core.publisher.Operators.error(Operators.java:198) ~[reactor-core-3.7.12.jar:3.7.12]
		at reactor.core.publisher.MonoError.subscribe(MonoError.java:53) ~[reactor-core-3.7.12.jar:3.7.12]
		at reactor.core.publisher.Mono.subscribe(Mono.java:4576) ~[reactor-core-3.7.12.jar:3.7.12]
		at reactor.core.publisher.FluxOnErrorResume$ResumeSubscriber.onError(FluxOnErrorResume.java:103) ~[reactor-core-3.7.12.jar:3.7.12]
		at reactor.netty.transport.TransportConnector$MonoChannelPromise.tryFailure(TransportConnector.java:600) ~[reactor-netty-core-1.2.11.jar:1.2.11]
		at reactor.netty.transport.TransportConnector.lambda$doResolveAndConnect$11(TransportConnector.java:376) ~[reactor-netty-core-1.2.11.jar:1.2.11]
		at io.netty.util.concurrent.DefaultPromise.notifyListener0(DefaultPromise.java:604) ~[netty-common-4.1.128.Final.jar:4.1.128.Final]
		at io.netty.util.concurrent.DefaultPromise.notifyListenersNow(DefaultPromise.java:571) ~[netty-common-4.1.128.Final.jar:4.1.128.Final]
		at io.netty.util.concurrent.DefaultPromise.notifyListeners(DefaultPromise.java:506) ~[netty-common-4.1.128.Final.jar:4.1.128.Final]
		at io.netty.util.concurrent.DefaultPromise.setValue0(DefaultPromise.java:650) ~[netty-common-4.1.128.Final.jar:4.1.128.Final]
		at io.netty.util.concurrent.DefaultPromise.setFailure0(DefaultPromise.java:643) ~[netty-common-4.1.128.Final.jar:4.1.128.Final]
		at io.netty.util.concurrent.DefaultPromise.setFailure(DefaultPromise.java:124) ~[netty-common-4.1.128.Final.jar:4.1.128.Final]
		at io.netty.resolver.InetSocketAddressResolver$2.operationComplete(InetSocketAddressResolver.java:86) ~[netty-resolver-4.1.128.Final.jar:4.1.128.Final]
		at io.netty.util.concurrent.DefaultPromise.notifyListener0(DefaultPromise.java:604) ~[netty-common-4.1.128.Final.jar:4.1.128.Final]
		at io.netty.util.concurrent.DefaultPromise.notifyListeners0(DefaultPromise.java:597) ~[netty-common-4.1.128.Final.jar:4.1.128.Final]
		at io.netty.util.concurrent.DefaultPromise.notifyListenersNow(DefaultPromise.java:573) ~[netty-common-4.1.128.Final.jar:4.1.128.Final]
		at io.netty.util.concurrent.DefaultPromise.notifyListeners(DefaultPromise.java:506) ~[netty-common-4.1.128.Final.jar:4.1.128.Final]
		at io.netty.util.concurrent.DefaultPromise.setValue0(DefaultPromise.java:650) ~[netty-common-4.1.128.Final.jar:4.1.128.Final]
		at io.netty.util.concurrent.DefaultPromise.setFailure0(DefaultPromise.java:643) ~[netty-common-4.1.128.Final.jar:4.1.128.Final]
		at io.netty.util.concurrent.DefaultPromise.tryFailure(DefaultPromise.java:132) ~[netty-common-4.1.128.Final.jar:4.1.128.Final]
		at io.netty.resolver.dns.DnsResolveContext.finishResolve(DnsResolveContext.java:1158) ~[netty-resolver-dns-4.1.128.Final.jar:4.1.128.Final]
		at io.netty.resolver.dns.DnsResolveContext.tryToFinishResolve(DnsResolveContext.java:1097) ~[netty-resolver-dns-4.1.128.Final.jar:4.1.128.Final]
		at io.netty.resolver.dns.DnsResolveContext.query(DnsResolveContext.java:455) ~[netty-resolver-dns-4.1.128.Final.jar:4.1.128.Final]
		at io.netty.resolver.dns.DnsResolveContext.access$700(DnsResolveContext.java:70) ~[netty-resolver-dns-4.1.128.Final.jar:4.1.128.Final]
		at io.netty.resolver.dns.DnsResolveContext$2.operationComplete(DnsResolveContext.java:524) ~[netty-resolver-dns-4.1.128.Final.jar:4.1.128.Final]
		at io.netty.util.concurrent.DefaultPromise.notifyListener0(DefaultPromise.java:604) ~[netty-common-4.1.128.Final.jar:4.1.128.Final]
		at io.netty.util.concurrent.DefaultPromise.notifyListeners0(DefaultPromise.java:597) ~[netty-common-4.1.128.Final.jar:4.1.128.Final]
		at io.netty.util.concurrent.DefaultPromise.notifyListenersNow(DefaultPromise.java:573) ~[netty-common-4.1.128.Final.jar:4.1.128.Final]
		at io.netty.util.concurrent.DefaultPromise.notifyListeners(DefaultPromise.java:506) ~[netty-common-4.1.128.Final.jar:4.1.128.Final]
		at io.netty.util.concurrent.DefaultPromise.setValue0(DefaultPromise.java:650) ~[netty-common-4.1.128.Final.jar:4.1.128.Final]
		at io.netty.util.concurrent.DefaultPromise.setFailure0(DefaultPromise.java:643) ~[netty-common-4.1.128.Final.jar:4.1.128.Final]
		at io.netty.util.concurrent.DefaultPromise.tryFailure(DefaultPromise.java:132) ~[netty-common-4.1.128.Final.jar:4.1.128.Final]
		at io.netty.resolver.dns.DnsQueryContext.finishFailure(DnsQueryContext.java:343) ~[netty-resolver-dns-4.1.128.Final.jar:4.1.128.Final]
		at io.netty.resolver.dns.DnsQueryContext$4.run(DnsQueryContext.java:278) ~[netty-resolver-dns-4.1.128.Final.jar:4.1.128.Final]
		at io.netty.util.concurrent.PromiseTask.runTask(PromiseTask.java:98) ~[netty-common-4.1.128.Final.jar:4.1.128.Final]
		at io.netty.util.concurrent.ScheduledFutureTask.run(ScheduledFutureTask.java:160) ~[netty-common-4.1.128.Final.jar:4.1.128.Final]
		at io.netty.util.concurrent.AbstractEventExecutor.runTask(AbstractEventExecutor.java:173) ~[netty-common-4.1.128.Final.jar:4.1.128.Final]
		at io.netty.util.concurrent.AbstractEventExecutor.safeExecute$$$capture(AbstractEventExecutor.java:166) ~[netty-common-4.1.128.Final.jar:4.1.128.Final]
		at io.netty.util.concurrent.AbstractEventExecutor.safeExecute(AbstractEventExecutor.java) ~[netty-common-4.1.128.Final.jar:4.1.128.Final]
		at io.netty.util.concurrent.SingleThreadEventExecutor.runAllTasks(SingleThreadEventExecutor.java:472) ~[netty-common-4.1.128.Final.jar:4.1.128.Final]
		at io.netty.channel.nio.NioEventLoop.run(NioEventLoop.java:569) ~[netty-transport-4.1.128.Final.jar:4.1.128.Final]
		at io.netty.util.concurrent.SingleThreadEventExecutor$4.run(SingleThreadEventExecutor.java:998) ~[netty-common-4.1.128.Final.jar:4.1.128.Final]
		at io.netty.util.internal.ThreadExecutorMap$2.run(ThreadExecutorMap.java:74) ~[netty-common-4.1.128.Final.jar:4.1.128.Final]
		at io.netty.util.concurrent.FastThreadLocalRunnable.run(FastThreadLocalRunnable.java:30) ~[netty-common-4.1.128.Final.jar:4.1.128.Final]
		at java.base/java.lang.Thread.run(Thread.java:1583) ~[na:na]
Caused by: java.net.UnknownHostException: Failed to resolve 'events-user-service' [A(1), AAAA(28)] after 4 queries 
	at io.netty.resolver.dns.DnsResolveContext.finishResolve(DnsResolveContext.java:1150) ~[netty-resolver-dns-4.1.128.Final.jar:4.1.128.Final]
	at io.netty.resolver.dns.DnsResolveContext.tryToFinishResolve(DnsResolveContext.java:1097) ~[netty-resolver-dns-4.1.128.Final.jar:4.1.128.Final]
	at io.netty.resolver.dns.DnsResolveContext.query(DnsResolveContext.java:455) ~[netty-resolver-dns-4.1.128.Final.jar:4.1.128.Final]
	at io.netty.resolver.dns.DnsResolveContext.access$700(DnsResolveContext.java:70) ~[netty-resolver-dns-4.1.128.Final.jar:4.1.128.Final]
	at io.netty.resolver.dns.DnsResolveContext$2.operationComplete(DnsResolveContext.java:524) ~[netty-resolver-dns-4.1.128.Final.jar:4.1.128.Final]
	at io.netty.util.concurrent.DefaultPromise.notifyListener0(DefaultPromise.java:604) ~[netty-common-4.1.128.Final.jar:4.1.128.Final]
	at io.netty.util.concurrent.DefaultPromise.notifyListeners0(DefaultPromise.java:597) ~[netty-common-4.1.128.Final.jar:4.1.128.Final]
	at io.netty.util.concurrent.DefaultPromise.notifyListenersNow(DefaultPromise.java:573) ~[netty-common-4.1.128.Final.jar:4.1.128.Final]
	at io.netty.util.concurrent.DefaultPromise.notifyListeners(DefaultPromise.java:506) ~[netty-common-4.1.128.Final.jar:4.1.128.Final]
	at io.netty.util.concurrent.DefaultPromise.setValue0(DefaultPromise.java:650) ~[netty-common-4.1.128.Final.jar:4.1.128.Final]
	at io.netty.util.concurrent.DefaultPromise.setFailure0(DefaultPromise.java:643) ~[netty-common-4.1.128.Final.jar:4.1.128.Final]
	at io.netty.util.concurrent.DefaultPromise.tryFailure(DefaultPromise.java:132) ~[netty-common-4.1.128.Final.jar:4.1.128.Final]
	at io.netty.resolver.dns.DnsQueryContext.finishFailure(DnsQueryContext.java:343) ~[netty-resolver-dns-4.1.128.Final.jar:4.1.128.Final]
	at io.netty.resolver.dns.DnsQueryContext$4.run(DnsQueryContext.java:278) ~[netty-resolver-dns-4.1.128.Final.jar:4.1.128.Final]
	at io.netty.util.concurrent.PromiseTask.runTask(PromiseTask.java:98) ~[netty-common-4.1.128.Final.jar:4.1.128.Final]
	at io.netty.util.concurrent.ScheduledFutureTask.run(ScheduledFutureTask.java:160) ~[netty-common-4.1.128.Final.jar:4.1.128.Final]
	at io.netty.util.concurrent.AbstractEventExecutor.runTask(AbstractEventExecutor.java:173) ~[netty-common-4.1.128.Final.jar:4.1.128.Final]
	at io.netty.util.concurrent.AbstractEventExecutor.safeExecute$$$capture(AbstractEventExecutor.java:166) ~[netty-common-4.1.128.Final.jar:4.1.128.Final]
	at io.netty.util.concurrent.AbstractEventExecutor.safeExecute(AbstractEventExecutor.java) ~[netty-common-4.1.128.Final.jar:4.1.128.Final]
	at io.netty.util.concurrent.SingleThreadEventExecutor.runAllTasks(SingleThreadEventExecutor.java:472) ~[netty-common-4.1.128.Final.jar:4.1.128.Final]
	at io.netty.channel.nio.NioEventLoop.run(NioEventLoop.java:569) ~[netty-transport-4.1.128.Final.jar:4.1.128.Final]
	at io.netty.util.concurrent.SingleThreadEventExecutor$4.run(SingleThreadEventExecutor.java:998) ~[netty-common-4.1.128.Final.jar:4.1.128.Final]
	at io.netty.util.internal.ThreadExecutorMap$2.run(ThreadExecutorMap.java:74) ~[netty-common-4.1.128.Final.jar:4.1.128.Final]
	at io.netty.util.concurrent.FastThreadLocalRunnable.run(FastThreadLocalRunnable.java:30) ~[netty-common-4.1.128.Final.jar:4.1.128.Final]
	at java.base/java.lang.Thread.run(Thread.java:1583) ~[na:na]
Caused by: io.netty.resolver.dns.DnsNameResolverTimeoutException: [12514: /1.1.2.2:53] DefaultDnsQuestion(events-user-service. IN AAAA) query '12514' via UDP timed out after 5000 milliseconds (no stack trace available)

2025-11-15T17:32:08.007-03:00  INFO 17152 --- [events-gateway] [SpringApplicationShutdownHook] o.s.b.w.embedded.netty.GracefulShutdown  : Commencing graceful shutdown. Waiting for active requests to complete
2025-11-15T17:32:08.009-03:00  INFO 17152 --- [events-gateway] [netty-shutdown] o.s.b.w.embedded.netty.GracefulShutdown  : Graceful shutdown complete
